<?xml version="1.0" encoding="UTF-8"?>
<!-- Generated by org.testng.reporters.JUnitReportReporter -->
<testsuite hostname="VDEVDE-P8N1F" failures="0" tests="1" name="com.primus.qa.testcases.LoginPageTest" time="20.829" errors="0" timestamp="2020-11-15T00:50:21 PST" skipped="0">
  <testcase classname="com.primus.qa.testcases.LoginPageTest" name="loginTest" time="20.829"/>
  <system-out/>
</testsuite> <!-- com.primus.qa.testcases.LoginPageTest -->
