<?xml version="1.0" encoding="UTF-8"?>
<!-- Generated by org.testng.reporters.JUnitReportReporter -->
<testsuite skipped="0" hostname="VDEVDE-P8N1F" name="com.primus.qa.testcases.LoginPageTest" tests="1" failures="0" timestamp="2020-11-17T02:08:16 PST" time="28.605" errors="0">
  <testcase name="loginTest" time="28.605" classname="com.primus.qa.testcases.LoginPageTest"/>
  <system-out/>
</testsuite> <!-- com.primus.qa.testcases.LoginPageTest -->
